<?xml version="1.0" encoding="UTF-8"?>
<testng-results ignored="0" total="1" passed="1" failed="0" skipped="0">
  <reporter-output>
  </reporter-output>
  <suite started-at="2025-07-22T16:38:41 IST" name="Default suite" finished-at="2025-07-22T16:38:59 IST" duration-ms="18398">
    <groups>
    </groups>
    <test started-at="2025-07-22T16:38:41 IST" name="Default test" finished-at="2025-07-22T16:38:59 IST" duration-ms="18398">
      <class name="com.ect.testCases.SearchTestCase">
        <test-method is-config="true" signature="setup()[pri:0, instance:com.ect.testCases.SearchTestCase@45815ffc]" started-at="2025-07-22T16:38:41 IST" name="setup" finished-at="2025-07-22T16:38:48 IST" duration-ms="6862" status="PASS">
          <reporter-output>
          </reporter-output>
        </test-method> <!-- setup -->
        <test-method signature="searchTest()[pri:0, instance:com.ect.testCases.SearchTestCase@45815ffc]" started-at="2025-07-22T16:38:48 IST" name="searchTest" finished-at="2025-07-22T16:38:59 IST" duration-ms="11028" status="PASS">
          <reporter-output>
          </reporter-output>
        </test-method> <!-- searchTest -->
        <test-method is-config="true" signature="tearDown()[pri:0, instance:com.ect.testCases.SearchTestCase@45815ffc]" started-at="2025-07-22T16:38:59 IST" name="tearDown" finished-at="2025-07-22T16:38:59 IST" duration-ms="459" status="PASS">
          <reporter-output>
          </reporter-output>
        </test-method> <!-- tearDown -->
      </class> <!-- com.ect.testCases.SearchTestCase -->
    </test> <!-- Default test -->
  </suite> <!-- Default suite -->
</testng-results>
